<?xml version="1.0" encoding="UTF-8"?>
<testsuite name="com.example.wedding.WeddingApplicationTests" tests="1" skipped="0" failures="0" errors="0" timestamp="2025-09-25T12:19:21.726Z" hostname="DESKTOP-FVMSOPA" time="0.5">
  <properties/>
  <testcase name="contextLoads()" classname="com.example.wedding.WeddingApplicationTests" time="0.5"/>
  <system-out><![CDATA[15:19:15.327 [Test worker] INFO org.springframework.test.context.support.AnnotationConfigContextLoaderUtils -- Could not detect default configuration classes for test class [com.example.wedding.WeddingApplicationTests]: WeddingApplicationTests does not declare any static, non-private, non-final, nested classes annotated with @Configuration.
15:19:15.509 [Test worker] INFO org.springframework.boot.test.context.SpringBootTestContextBootstrapper -- Found @SpringBootConfiguration com.example.wedding.WeddingApplication for test class com.example.wedding.WeddingApplicationTests

  .   ____          _            __ _ _
 /\\ / ___'_ __ _ _(_)_ __  __ _ \ \ \ \
( ( )\___ | '_ | '_| | '_ \/ _` | \ \ \ \
 \\/  ___)| |_)| | | | | || (_| |  ) ) ) )
  '  |____| .__|_| |_|_| |_\__, | / / / /
 =========|_|==============|___/=/_/_/_/

 :: Spring Boot ::                (v3.5.6)

2025-09-25T15:19:16.111+03:00  INFO 5796 --- [wedding] [    Test worker] c.e.wedding.WeddingApplicationTests      : Starting WeddingApplicationTests using Java 17.0.16 with PID 5796 (started by laptop in C:\Users\laptop\IdeaProjects\wedding)
2025-09-25T15:19:16.113+03:00  INFO 5796 --- [wedding] [    Test worker] c.e.wedding.WeddingApplicationTests      : No active profile set, falling back to 1 default profile: "default"
2025-09-25T15:19:17.294+03:00  INFO 5796 --- [wedding] [    Test worker] .s.d.r.c.RepositoryConfigurationDelegate : Bootstrapping Spring Data JPA repositories in DEFAULT mode.
2025-09-25T15:19:17.381+03:00  INFO 5796 --- [wedding] [    Test worker] .s.d.r.c.RepositoryConfigurationDelegate : Finished Spring Data repository scanning in 68 ms. Found 1 JPA repository interface.
2025-09-25T15:19:18.087+03:00  INFO 5796 --- [wedding] [    Test worker] o.hibernate.jpa.internal.util.LogHelper  : HHH000204: Processing PersistenceUnitInfo [name: default]
2025-09-25T15:19:18.178+03:00  INFO 5796 --- [wedding] [    Test worker] org.hibernate.Version                    : HHH000412: Hibernate ORM core version 6.6.29.Final
2025-09-25T15:19:18.236+03:00  INFO 5796 --- [wedding] [    Test worker] o.h.c.internal.RegionFactoryInitiator    : HHH000026: Second-level cache disabled
2025-09-25T15:19:18.652+03:00  INFO 5796 --- [wedding] [    Test worker] o.s.o.j.p.SpringPersistenceUnitInfo      : No LoadTimeWeaver setup: ignoring JPA class transformer
2025-09-25T15:19:18.697+03:00  INFO 5796 --- [wedding] [    Test worker] com.zaxxer.hikari.HikariDataSource       : HikariPool-1 - Starting...
2025-09-25T15:19:18.950+03:00  INFO 5796 --- [wedding] [    Test worker] com.zaxxer.hikari.pool.HikariPool        : HikariPool-1 - Added connection org.postgresql.jdbc.PgConnection@5d3634c8
2025-09-25T15:19:18.952+03:00  INFO 5796 --- [wedding] [    Test worker] com.zaxxer.hikari.HikariDataSource       : HikariPool-1 - Start completed.
2025-09-25T15:19:18.989+03:00  WARN 5796 --- [wedding] [    Test worker] org.hibernate.orm.deprecation            : HHH90000025: PostgreSQLDialect does not need to be specified explicitly using 'hibernate.dialect' (remove the property setting and it will be selected by default)
2025-09-25T15:19:19.014+03:00  INFO 5796 --- [wedding] [    Test worker] org.hibernate.orm.connections.pooling    : HHH10001005: Database info:
	Database JDBC URL [Connecting through datasource 'HikariDataSource (HikariPool-1)']
	Database driver: undefined/unknown
	Database version: 17.5
	Autocommit mode: undefined/unknown
	Isolation level: undefined/unknown
	Minimum pool size: undefined/unknown
	Maximum pool size: undefined/unknown
2025-09-25T15:19:20.040+03:00  INFO 5796 --- [wedding] [    Test worker] o.h.e.t.j.p.i.JtaPlatformInitiator       : HHH000489: No JTA platform available (set 'hibernate.transaction.jta.platform' to enable JTA platform integration)
2025-09-25T15:19:20.109+03:00  INFO 5796 --- [wedding] [    Test worker] j.LocalContainerEntityManagerFactoryBean : Initialized JPA EntityManagerFactory for persistence unit 'default'
2025-09-25T15:19:20.585+03:00  WARN 5796 --- [wedding] [    Test worker] JpaBaseConfiguration$JpaWebConfiguration : spring.jpa.open-in-view is enabled by default. Therefore, database queries may be performed during view rendering. Explicitly configure spring.jpa.open-in-view to disable this warning
2025-09-25T15:19:20.973+03:00  WARN 5796 --- [wedding] [    Test worker] .s.s.UserDetailsServiceAutoConfiguration : 

Using generated security password: 51e35b63-1e71-4e01-b965-b40c133334d2

This generated password is for development use only. Your security configuration must be updated before running your application in production.

2025-09-25T15:19:20.985+03:00  INFO 5796 --- [wedding] [    Test worker] r$InitializeUserDetailsManagerConfigurer : Global AuthenticationManager configured with UserDetailsService bean with name inMemoryUserDetailsManager
2025-09-25T15:19:21.694+03:00  INFO 5796 --- [wedding] [    Test worker] c.e.wedding.WeddingApplicationTests      : Started WeddingApplicationTests in 5.963 seconds (process running for 7.459)
]]></system-out>
  <system-err><![CDATA[]]></system-err>
</testsuite>
