<?xml version="1.0" encoding="UTF-8"?>
<testsuite name="com.example.wedding.WeddingApplicationTests" tests="1" skipped="0" failures="0" errors="0" timestamp="2025-09-25T10:18:44.493Z" hostname="DESKTOP-FVMSOPA" time="1.011">
  <properties/>
  <testcase name="contextLoads()" classname="com.example.wedding.WeddingApplicationTests" time="1.011"/>
  <system-out><![CDATA[13:18:26.523 [Test worker] INFO org.springframework.test.context.support.AnnotationConfigContextLoaderUtils -- Could not detect default configuration classes for test class [com.example.wedding.WeddingApplicationTests]: WeddingApplicationTests does not declare any static, non-private, non-final, nested classes annotated with @Configuration.
13:18:26.850 [Test worker] INFO org.springframework.boot.test.context.SpringBootTestContextBootstrapper -- Found @SpringBootConfiguration com.example.wedding.WeddingApplication for test class com.example.wedding.WeddingApplicationTests

  .   ____          _            __ _ _
 /\\ / ___'_ __ _ _(_)_ __  __ _ \ \ \ \
( ( )\___ | '_ | '_| | '_ \/ _` | \ \ \ \
 \\/  ___)| |_)| | | | | || (_| |  ) ) ) )
  '  |____| .__|_| |_|_| |_\__, | / / / /
 =========|_|==============|___/=/_/_/_/

 :: Spring Boot ::                (v3.5.6)

2025-09-25T13:18:28.475+03:00  INFO 10640 --- [wedding] [    Test worker] c.e.wedding.WeddingApplicationTests      : Starting WeddingApplicationTests using Java 17.0.16 with PID 10640 (started by laptop in C:\Users\laptop\IdeaProjects\wedding)
2025-09-25T13:18:28.484+03:00  INFO 10640 --- [wedding] [    Test worker] c.e.wedding.WeddingApplicationTests      : No active profile set, falling back to 1 default profile: "default"
2025-09-25T13:18:31.926+03:00  INFO 10640 --- [wedding] [    Test worker] .s.d.r.c.RepositoryConfigurationDelegate : Bootstrapping Spring Data JPA repositories in DEFAULT mode.
2025-09-25T13:18:32.146+03:00  INFO 10640 --- [wedding] [    Test worker] .s.d.r.c.RepositoryConfigurationDelegate : Finished Spring Data repository scanning in 197 ms. Found 1 JPA repository interface.
2025-09-25T13:18:34.305+03:00  INFO 10640 --- [wedding] [    Test worker] o.hibernate.jpa.internal.util.LogHelper  : HHH000204: Processing PersistenceUnitInfo [name: default]
2025-09-25T13:18:34.643+03:00  INFO 10640 --- [wedding] [    Test worker] org.hibernate.Version                    : HHH000412: Hibernate ORM core version 6.6.29.Final
2025-09-25T13:18:34.823+03:00  INFO 10640 --- [wedding] [    Test worker] o.h.c.internal.RegionFactoryInitiator    : HHH000026: Second-level cache disabled
2025-09-25T13:18:35.867+03:00  INFO 10640 --- [wedding] [    Test worker] o.s.o.j.p.SpringPersistenceUnitInfo      : No LoadTimeWeaver setup: ignoring JPA class transformer
2025-09-25T13:18:35.970+03:00  INFO 10640 --- [wedding] [    Test worker] com.zaxxer.hikari.HikariDataSource       : HikariPool-1 - Starting...
2025-09-25T13:18:36.611+03:00  INFO 10640 --- [wedding] [    Test worker] com.zaxxer.hikari.pool.HikariPool        : HikariPool-1 - Added connection org.postgresql.jdbc.PgConnection@7286827b
2025-09-25T13:18:36.623+03:00  INFO 10640 --- [wedding] [    Test worker] com.zaxxer.hikari.HikariDataSource       : HikariPool-1 - Start completed.
2025-09-25T13:18:36.714+03:00  WARN 10640 --- [wedding] [    Test worker] org.hibernate.orm.deprecation            : HHH90000025: PostgreSQLDialect does not need to be specified explicitly using 'hibernate.dialect' (remove the property setting and it will be selected by default)
2025-09-25T13:18:36.780+03:00  INFO 10640 --- [wedding] [    Test worker] org.hibernate.orm.connections.pooling    : HHH10001005: Database info:
	Database JDBC URL [Connecting through datasource 'HikariDataSource (HikariPool-1)']
	Database driver: undefined/unknown
	Database version: 17.5
	Autocommit mode: undefined/unknown
	Isolation level: undefined/unknown
	Minimum pool size: undefined/unknown
	Maximum pool size: undefined/unknown
2025-09-25T13:18:39.886+03:00  INFO 10640 --- [wedding] [    Test worker] o.h.e.t.j.p.i.JtaPlatformInitiator       : HHH000489: No JTA platform available (set 'hibernate.transaction.jta.platform' to enable JTA platform integration)
2025-09-25T13:18:40.057+03:00  INFO 10640 --- [wedding] [    Test worker] j.LocalContainerEntityManagerFactoryBean : Initialized JPA EntityManagerFactory for persistence unit 'default'
2025-09-25T13:18:41.195+03:00  WARN 10640 --- [wedding] [    Test worker] JpaBaseConfiguration$JpaWebConfiguration : spring.jpa.open-in-view is enabled by default. Therefore, database queries may be performed during view rendering. Explicitly configure spring.jpa.open-in-view to disable this warning
2025-09-25T13:18:42.444+03:00  WARN 10640 --- [wedding] [    Test worker] .s.s.UserDetailsServiceAutoConfiguration : 

Using generated security password: 20cf1085-d15e-4232-9835-53342215a4b5

This generated password is for development use only. Your security configuration must be updated before running your application in production.

2025-09-25T13:18:42.469+03:00  INFO 10640 --- [wedding] [    Test worker] r$InitializeUserDetailsManagerConfigurer : Global AuthenticationManager configured with UserDetailsService bean with name inMemoryUserDetailsManager
2025-09-25T13:18:44.356+03:00  INFO 10640 --- [wedding] [    Test worker] c.e.wedding.WeddingApplicationTests      : Started WeddingApplicationTests in 17.132 seconds (process running for 20.059)
]]></system-out>
  <system-err><![CDATA[]]></system-err>
</testsuite>
